[debug] [2025-10-30T13:38:38.724Z] ----------------------------------------------------------------------
[debug] [2025-10-30T13:38:38.727Z] Command:       C:\Program Files\nodejs\node.exe C:\Users\ajai\AppData\Roaming\npm\node_modules\firebase-tools\lib\bin\firebase.js init
[debug] [2025-10-30T13:38:38.728Z] CLI Version:   14.22.0
[debug] [2025-10-30T13:38:38.729Z] Platform:      win32
[debug] [2025-10-30T13:38:38.729Z] Node Version:  v22.18.0
[debug] [2025-10-30T13:38:38.729Z] Time:          Thu Oct 30 2025 19:08:38 GMT+0530 (India Standard Time)
[debug] [2025-10-30T13:38:38.729Z] ----------------------------------------------------------------------
[debug] 
[info] 
     ######## #### ########  ######## ########     ###     ######  ########
     ##        ##  ##     ## ##       ##     ##  ##   ##  ##       ##
     ######    ##  ########  ######   ########  #########  ######  ######
     ##        ##  ##    ##  ##       ##     ## ##     ##       ## ##
     ##       #### ##     ## ######## ########  ##     ##  ######  ########

You're about to initialize a Firebase project in this directory:

  C:\Users\ajai\OneDrive\Desktop\voice AI\frontend

[debug] [2025-10-30T13:42:02.539Z] ExitPromptError: User force closed the prompt with SIGINT
    at Interface.sigint (C:\Users\ajai\AppData\Roaming\npm\node_modules\firebase-tools\node_modules\@inquirer\core\dist\commonjs\lib\create-prompt.js:101:37)
    at Interface.emit (node:events:518:28)
    at Interface.emit (node:domain:489:12)
    at [_ttyWrite] [as _ttyWrite] (node:internal/readline/interface:1132:18)
    at ReadStream.onkeypress (node:internal/readline/interface:271:20)
    at ReadStream.emit (node:events:530:35)
    at ReadStream.emit (node:domain:489:12)
    at emitKeys (node:internal/readline/utils:370:14)
    at emitKeys.next (<anonymous>)
    at ReadStream.onData (node:internal/readline/emitKeypressEvents:64:36)
[error] 
[error] Error: An unexpected error has occurred.
